<?xml version="1.0" encoding="UTF-8"?>
<!-- Generated by org.testng.reporters.JUnitXMLReporter -->
<testsuite hostname="User-PC" ignored="0" name="Android" tests="3" failures="0" timestamp="26 Apr 2018 18:22:21 GMT" time="111.476" errors="0">
  <testcase name="Login" time="18.55" classname="com.fluke.testcase.android.TC_MeasureFilter_FCM1587_179"/>
  <testcase name="measureFilterOps" time="65.299" classname="com.fluke.testcase.android.TC_MeasureFilter_FCM1587_179"/>
  <testcase name="SignOutMobile" time="5.185" classname="com.fluke.testcase.android.TC_MeasureFilter_FCM1587_179"/>
</testsuite> <!-- Android -->
