<?xml version="1.0" encoding="UTF-8"?>
<testng-results skipped="0" failed="1" ignored="0" total="2" passed="1">
  <reporter-output>
    <line>
      <![CDATA[Open https://connect.fluke.com/en/login
]]>
    </line>
    <line>
      <![CDATA[waiting to load page ]]>
    </line>
    <line>
      <![CDATA[total number of images are present4]]>
    </line>
    <line>
      <![CDATA[<a href='C:\Users\DELL\eclipse-workspace\FlukeSelenium\target\surefire-reports\html\blank_09_04_2018_10_57_19.png'> <img src='_blank09_04_2018_10_57_19.png' height='100' width='100'/> </a>]]>
    </line>
    <line>
      <![CDATA[Open https://connect.fluke.com/en/login
]]>
    </line>
    <line>
      <![CDATA[total imgae before deletion is  4]]>
    </line>
    <line>
      <![CDATA[image remaining after deletion 1 image   3]]>
    </line>
    <line>
      <![CDATA[total number of image present3]]>
    </line>
    <line>
      <![CDATA[<a href='C:\Users\DELL\eclipse-workspace\FlukeSelenium\target\surefire-reports\html\blank_09_04_2018_10_58_14.png'> <img src='_blank09_04_2018_10_58_14.png' height='100' width='100'/> </a>]]>
    </line>
  </reporter-output>
  <suite name="Default suite" duration-ms="107106" started-at="2018-04-09T17:26:28Z" finished-at="2018-04-09T17:28:15Z">
    <groups>
    </groups>
    <test name="Default test" duration-ms="107106" started-at="2018-04-09T17:26:28Z" finished-at="2018-04-09T17:28:15Z">
      <class name="com.fluke.connect.test_cases.MeasurementScreenTest">
        <test-method status="PASS" signature="initilization()[pri:0, instance:com.fluke.connect.test_cases.MeasurementScreenTest@396e2f39]" name="initilization" is-config="true" duration-ms="13" started-at="2018-04-09T22:56:28Z" finished-at="2018-04-09T22:56:28Z">
          <reporter-output>
          </reporter-output>
        </test-method> <!-- initilization -->
        <test-method status="PASS" signature="setUp()[pri:0, instance:com.fluke.connect.test_cases.MeasurementScreenTest@396e2f39]" name="setUp" is-config="true" duration-ms="50712" started-at="2018-04-09T22:56:28Z" finished-at="2018-04-09T22:57:18Z">
          <reporter-output>
            <line>
              <![CDATA[Open https://connect.fluke.com/en/login
]]>
            </line>
          </reporter-output>
        </test-method> <!-- setUp -->
        <test-method status="PASS" signature="verifyMeasurements()[pri:0, instance:com.fluke.connect.test_cases.MeasurementScreenTest@396e2f39]" name="verifyMeasurements" duration-ms="981" started-at="2018-04-09T22:57:18Z" finished-at="2018-04-09T22:57:19Z">
          <reporter-output>
            <line>
              <![CDATA[waiting to load page ]]>
            </line>
            <line>
              <![CDATA[total number of images are present4]]>
            </line>
          </reporter-output>
        </test-method> <!-- verifyMeasurements -->
        <test-method status="PASS" signature="afterMethod(org.testng.ITestResult)[pri:0, instance:com.fluke.connect.test_cases.MeasurementScreenTest@396e2f39]" name="afterMethod" is-config="true" duration-ms="696" started-at="2018-04-09T22:57:19Z" finished-at="2018-04-09T22:57:20Z">
          <params>
            <param index="0">
              <value>
                <![CDATA[[TestResult name=verifyMeasurements status=SUCCESS method=MeasurementScreenTest.verifyMeasurements()[pri:0, instance:com.fluke.connect.test_cases.MeasurementScreenTest@396e2f39] output=waiting to load page ]]]>
              </value>
            </param>
          </params>
          <reporter-output>
            <line>
              <![CDATA[<a href='C:\Users\DELL\eclipse-workspace\FlukeSelenium\target\surefire-reports\html\blank_09_04_2018_10_57_19.png'> <img src='_blank09_04_2018_10_57_19.png' height='100' width='100'/> </a>]]>
            </line>
          </reporter-output>
        </test-method> <!-- afterMethod -->
        <test-method status="PASS" signature="setUp()[pri:0, instance:com.fluke.connect.test_cases.MeasurementScreenTest@396e2f39]" name="setUp" is-config="true" duration-ms="47466" started-at="2018-04-09T22:57:20Z" finished-at="2018-04-09T22:58:08Z">
          <reporter-output>
            <line>
              <![CDATA[Open https://connect.fluke.com/en/login
]]>
            </line>
          </reporter-output>
        </test-method> <!-- setUp -->
        <test-method status="FAIL" signature="deleteMeasurements()[pri:1, instance:com.fluke.connect.test_cases.MeasurementScreenTest@396e2f39]" name="deleteMeasurements" duration-ms="6222" started-at="2018-04-09T22:58:08Z" finished-at="2018-04-09T22:58:14Z">
          <exception class="org.openqa.selenium.WebDriverException">
            <message>
              <![CDATA[unknown error: Element <div class="measurementSelect sprite check-box"></div> is not clickable at point (692, 236). Other element would receive the click: <div id="cboxOverlay" style="opacity: 0.00231304; cursor: pointer; visibility: visible;"></div>
  (Session info: chrome=65.0.3325.181)
  (Driver info: chromedriver=2.37.544315 (730aa6a5fdba159ac9f4c1e8cbc59bf1b5ce12b7),platform=Windows NT 10.0.16299 x86_64) (WARNING: The server did not provide any stacktrace information)
Command duration or timeout: 0 milliseconds
Build info: version: '3.7.0', revision: '2321c73', time: '2017-11-02T22:22:35.584Z'
System info: host: 'DESKTOP-EVAHJRN', ip: '10.0.75.1', os.name: 'Windows 10', os.arch: 'amd64', os.version: '10.0', java.version: '1.8.0_161'
Driver info: org.openqa.selenium.chrome.ChromeDriver
Capabilities {acceptInsecureCerts: false, acceptSslCerts: false, applicationCacheEnabled: false, browserConnectionEnabled: false, browserName: chrome, chrome: {chromedriverVersion: 2.37.544315 (730aa6a5fdba15..., userDataDir: C:\Users\DELL\AppData\Local...}, cssSelectorsEnabled: true, databaseEnabled: false, handlesAlerts: true, hasTouchScreen: false, javascriptEnabled: true, locationContextEnabled: true, mobileEmulationEnabled: false, nativeEvents: true, networkConnectionEnabled: false, pageLoadStrategy: normal, platform: XP, platformName: XP, rotatable: false, setWindowRect: true, takesHeapSnapshot: true, takesScreenshot: true, unexpectedAlertBehaviour: , unhandledPromptBehavior: , version: 65.0.3325.181, webStorageEnabled: true}
Session ID: f52b1b97ce5bd54656b8955a9389ce59]]>
            </message>
            <full-stacktrace>
              <![CDATA[org.openqa.selenium.WebDriverException: unknown error: Element <div class="measurementSelect sprite check-box"></div> is not clickable at point (692, 236). Other element would receive the click: <div id="cboxOverlay" style="opacity: 0.00231304; cursor: pointer; visibility: visible;"></div>
  (Session info: chrome=65.0.3325.181)
  (Driver info: chromedriver=2.37.544315 (730aa6a5fdba159ac9f4c1e8cbc59bf1b5ce12b7),platform=Windows NT 10.0.16299 x86_64) (WARNING: The server did not provide any stacktrace information)
Command duration or timeout: 0 milliseconds
Build info: version: '3.7.0', revision: '2321c73', time: '2017-11-02T22:22:35.584Z'
System info: host: 'DESKTOP-EVAHJRN', ip: '10.0.75.1', os.name: 'Windows 10', os.arch: 'amd64', os.version: '10.0', java.version: '1.8.0_161'
Driver info: org.openqa.selenium.chrome.ChromeDriver
Capabilities {acceptInsecureCerts: false, acceptSslCerts: false, applicationCacheEnabled: false, browserConnectionEnabled: false, browserName: chrome, chrome: {chromedriverVersion: 2.37.544315 (730aa6a5fdba15..., userDataDir: C:\Users\DELL\AppData\Local...}, cssSelectorsEnabled: true, databaseEnabled: false, handlesAlerts: true, hasTouchScreen: false, javascriptEnabled: true, locationContextEnabled: true, mobileEmulationEnabled: false, nativeEvents: true, networkConnectionEnabled: false, pageLoadStrategy: normal, platform: XP, platformName: XP, rotatable: false, setWindowRect: true, takesHeapSnapshot: true, takesScreenshot: true, unexpectedAlertBehaviour: , unhandledPromptBehavior: , version: 65.0.3325.181, webStorageEnabled: true}
Session ID: f52b1b97ce5bd54656b8955a9389ce59
	at sun.reflect.NativeConstructorAccessorImpl.newInstance0(Native Method)
	at sun.reflect.NativeConstructorAccessorImpl.newInstance(Unknown Source)
	at sun.reflect.DelegatingConstructorAccessorImpl.newInstance(Unknown Source)
	at java.lang.reflect.Constructor.newInstance(Unknown Source)
	at org.openqa.selenium.remote.ErrorHandler.createThrowable(ErrorHandler.java:214)
	at org.openqa.selenium.remote.ErrorHandler.throwIfResponseFailed(ErrorHandler.java:166)
	at org.openqa.selenium.remote.http.JsonHttpResponseCodec.reconstructValue(JsonHttpResponseCodec.java:40)
	at org.openqa.selenium.remote.http.AbstractHttpResponseCodec.decode(AbstractHttpResponseCodec.java:80)
	at org.openqa.selenium.remote.http.AbstractHttpResponseCodec.decode(AbstractHttpResponseCodec.java:44)
	at org.openqa.selenium.remote.HttpCommandExecutor.execute(HttpCommandExecutor.java:164)
	at org.openqa.selenium.remote.service.DriverCommandExecutor.execute(DriverCommandExecutor.java:83)
	at org.openqa.selenium.remote.RemoteWebDriver.execute(RemoteWebDriver.java:600)
	at org.openqa.selenium.remote.RemoteWebElement.execute(RemoteWebElement.java:279)
	at org.openqa.selenium.remote.RemoteWebElement.click(RemoteWebElement.java:83)
	at com.fluke.connect.test_cases.MeasurementScreenTest.deleteMeasurements(MeasurementScreenTest.java:112)
	at sun.reflect.NativeMethodAccessorImpl.invoke0(Native Method)
	at sun.reflect.NativeMethodAccessorImpl.invoke(Unknown Source)
	at sun.reflect.DelegatingMethodAccessorImpl.invoke(Unknown Source)
	at java.lang.reflect.Method.invoke(Unknown Source)
	at org.testng.internal.MethodInvocationHelper.invokeMethod(MethodInvocationHelper.java:108)
	at org.testng.internal.Invoker.invokeMethod(Invoker.java:661)
	at org.testng.internal.Invoker.invokeTestMethod(Invoker.java:869)
	at org.testng.internal.Invoker.invokeTestMethods(Invoker.java:1193)
	at org.testng.internal.TestMethodWorker.invokeTestMethods(TestMethodWorker.java:126)
	at org.testng.internal.TestMethodWorker.run(TestMethodWorker.java:109)
	at org.testng.TestRunner.privateRun(TestRunner.java:744)
	at org.testng.TestRunner.run(TestRunner.java:602)
	at org.testng.SuiteRunner.runTest(SuiteRunner.java:380)
	at org.testng.SuiteRunner.runSequentially(SuiteRunner.java:375)
	at org.testng.SuiteRunner.privateRun(SuiteRunner.java:340)
	at org.testng.SuiteRunner.run(SuiteRunner.java:289)
	at org.testng.SuiteRunnerWorker.runSuite(SuiteRunnerWorker.java:52)
	at org.testng.SuiteRunnerWorker.run(SuiteRunnerWorker.java:86)
	at org.testng.TestNG.runSuitesSequentially(TestNG.java:1301)
	at org.testng.TestNG.runSuitesLocally(TestNG.java:1226)
	at org.testng.TestNG.runSuites(TestNG.java:1144)
	at org.testng.TestNG.run(TestNG.java:1115)
	at org.testng.remote.AbstractRemoteTestNG.run(AbstractRemoteTestNG.java:114)
	at org.testng.remote.RemoteTestNG.initAndRun(RemoteTestNG.java:251)
	at org.testng.remote.RemoteTestNG.main(RemoteTestNG.java:77)
]]>
            </full-stacktrace>
          </exception> <!-- org.openqa.selenium.WebDriverException -->
          <reporter-output>
            <line>
              <![CDATA[total imgae before deletion is  4]]>
            </line>
            <line>
              <![CDATA[image remaining after deletion 1 image   3]]>
            </line>
            <line>
              <![CDATA[total number of image present3]]>
            </line>
          </reporter-output>
        </test-method> <!-- deleteMeasurements -->
        <test-method status="PASS" signature="afterMethod(org.testng.ITestResult)[pri:0, instance:com.fluke.connect.test_cases.MeasurementScreenTest@396e2f39]" name="afterMethod" is-config="true" duration-ms="358" started-at="2018-04-09T22:58:14Z" finished-at="2018-04-09T22:58:14Z">
          <params>
            <param index="0">
              <value>
                <![CDATA[[TestResult name=deleteMeasurements status=FAILURE method=MeasurementScreenTest.deleteMeasurements()[pri:1, instance:com.fluke.connect.test_cases.MeasurementScreenTest@396e2f39] output=total imgae before deletion is  4]]]>
              </value>
            </param>
          </params>
          <reporter-output>
            <line>
              <![CDATA[<a href='C:\Users\DELL\eclipse-workspace\FlukeSelenium\target\surefire-reports\html\blank_09_04_2018_10_58_14.png'> <img src='_blank09_04_2018_10_58_14.png' height='100' width='100'/> </a>]]>
            </line>
          </reporter-output>
        </test-method> <!-- afterMethod -->
        <test-method status="PASS" signature="endTest()[pri:0, instance:com.fluke.connect.test_cases.MeasurementScreenTest@396e2f39]" name="endTest" is-config="true" duration-ms="651" started-at="2018-04-09T22:58:14Z" finished-at="2018-04-09T22:58:15Z">
          <reporter-output>
          </reporter-output>
        </test-method> <!-- endTest -->
      </class> <!-- com.fluke.connect.test_cases.MeasurementScreenTest -->
    </test> <!-- Default test -->
  </suite> <!-- Default suite -->
</testng-results>
